0 info it worked if it ends with ok
1 verbose cli [ 'node',
1 verbose cli   '/usr/local/bin/npm',
1 verbose cli   'install',
1 verbose cli   'bootstrap@4.0.0-alpha.6' ]
2 info using npm@2.10.1
3 info using node@v0.10.31
4 verbose install initial load of /Users/saramcwhorter/ssh/sarahill-portfolio/package.json
5 warn package.json foundation-libsass-template@0.0.1 No description
6 warn package.json foundation-libsass-template@0.0.1 No repository field.
7 warn package.json foundation-libsass-template@0.0.1 No README data
8 warn package.json foundation-libsass-template@0.0.1 No license field.
9 verbose installManyTop reading scoped package data from /Users/saramcwhorter/ssh/sarahill-portfolio/node_modules/grunt/package.json
10 verbose installManyTop reading scoped package data from /Users/saramcwhorter/ssh/sarahill-portfolio/node_modules/grunt-contrib-watch/package.json
11 verbose installManyTop reading scoped package data from /Users/saramcwhorter/ssh/sarahill-portfolio/node_modules/grunt-sass/package.json
12 verbose installManyTop reading scoped package data from /Users/saramcwhorter/ssh/sarahill-portfolio/node_modules/node-sass/package.json
13 info package.json grunt@0.4.5 No license field.
14 info package.json grunt-sass@0.8.1 No license field.
15 info package.json node-sass@0.7.0 No license field.
16 info package.json grunt-contrib-watch@0.5.3 No license field.
17 verbose readDependencies loading dependencies from /Users/saramcwhorter/ssh/sarahill-portfolio/package.json
18 silly cache add args [ 'bootstrap@4.0.0-alpha.6', null ]
19 verbose cache add spec bootstrap@4.0.0-alpha.6
20 silly cache add parsed spec { raw: 'bootstrap@4.0.0-alpha.6',
20 silly cache add   scope: null,
20 silly cache add   name: 'bootstrap',
20 silly cache add   rawSpec: '4.0.0-alpha.6',
20 silly cache add   spec: '4.0.0-alpha.6',
20 silly cache add   type: 'version' }
21 silly addNamed bootstrap@4.0.0-alpha.6
22 verbose addNamed "4.0.0-alpha.6" is a plain semver version for bootstrap
23 silly mapToRegistry name bootstrap
24 silly mapToRegistry using default registry
25 silly mapToRegistry registry https://registry.npmjs.org/
26 silly mapToRegistry uri https://registry.npmjs.org/bootstrap
27 verbose addNameVersion registry:https://registry.npmjs.org/bootstrap not in flight; fetching
28 verbose request uri https://registry.npmjs.org/bootstrap
29 verbose request no auth needed
30 info attempt registry request try #1 at 12:44:31
31 verbose request id 23d5af83c818bf32
32 verbose etag "ET0S7CKMVIPW9UR50YR5A76Q"
33 http request GET https://registry.npmjs.org/bootstrap
34 http 200 https://registry.npmjs.org/bootstrap
35 silly get cb [ 200,
35 silly get   { server: 'nginx/1.10.1',
35 silly get     'content-type': 'application/json',
35 silly get     'last-modified': 'Fri, 21 Jul 2017 02:24:18 GMT',
35 silly get     etag: 'W/"597165d2-c7e9"',
35 silly get     'content-encoding': 'gzip',
35 silly get     'cache-control': 'max-age=300',
35 silly get     'content-length': '9890',
35 silly get     'accept-ranges': 'bytes',
35 silly get     date: 'Fri, 21 Jul 2017 18:44:32 GMT',
35 silly get     via: '1.1 varnish',
35 silly get     age: '102',
35 silly get     connection: 'keep-alive',
35 silly get     'x-served-by': 'cache-den6021-DEN',
35 silly get     'x-cache': 'HIT',
35 silly get     'x-cache-hits': '1',
35 silly get     'x-timer': 'S1500662672.003707,VS0,VE1',
35 silly get     vary: 'Accept-Encoding, Accept' } ]
36 verbose get saving bootstrap to /Users/saramcwhorter/.npm/registry.npmjs.org/bootstrap/.cache.json
37 silly mapToRegistry name bootstrap
38 silly mapToRegistry using default registry
39 silly mapToRegistry registry https://registry.npmjs.org/
40 silly mapToRegistry uri https://registry.npmjs.org/bootstrap
41 verbose addRemoteTarball https://registry.npmjs.org/bootstrap/-/bootstrap-4.0.0-alpha.6.tgz not in flight; adding
42 verbose addRemoteTarball [ 'https://registry.npmjs.org/bootstrap/-/bootstrap-4.0.0-alpha.6.tgz',
42 verbose addRemoteTarball   '4f54dd33ac0deac3b28407bc2df7ec608869c9c8' ]
43 info retry fetch attempt 1 at 12:44:32
44 info attempt registry request try #1 at 12:44:32
45 http fetch GET https://registry.npmjs.org/bootstrap/-/bootstrap-4.0.0-alpha.6.tgz
46 http fetch 200 https://registry.npmjs.org/bootstrap/-/bootstrap-4.0.0-alpha.6.tgz
47 silly fetchAndShaCheck shasum 4f54dd33ac0deac3b28407bc2df7ec608869c9c8
48 verbose addTmpTarball /var/folders/z7/scqv5bc97jdfk3wt99dl61q40000gn/T/npm-7453-9cd94d9c/registry.npmjs.org/bootstrap/-/bootstrap-4.0.0-alpha.6.tgz not in flight; adding
49 verbose addTmpTarball already have metadata; skipping unpack for bootstrap@4.0.0-alpha.6
50 silly cache afterAdd bootstrap@4.0.0-alpha.6
51 verbose afterAdd /Users/saramcwhorter/.npm/bootstrap/4.0.0-alpha.6/package/package.json not in flight; writing
52 verbose afterAdd /Users/saramcwhorter/.npm/bootstrap/4.0.0-alpha.6/package/package.json written
53 silly install resolved [ { name: 'bootstrap',
53 silly install resolved     description: 'The most popular front-end framework for developing responsive, mobile first projects on the web.',
53 silly install resolved     version: '4.0.0-alpha.6',
53 silly install resolved     keywords:
53 silly install resolved      [ 'css',
53 silly install resolved        'sass',
53 silly install resolved        'mobile-first',
53 silly install resolved        'responsive',
53 silly install resolved        'front-end',
53 silly install resolved        'framework',
53 silly install resolved        'web' ],
53 silly install resolved     homepage: 'https://getbootstrap.com',
53 silly install resolved     author:
53 silly install resolved      { name: 'The Bootstrap Authors',
53 silly install resolved        url: 'https://github.com/twbs/bootstrap/graphs/contributors' },
53 silly install resolved     contributors: [ [Object] ],
53 silly install resolved     scripts:
53 silly install resolved      { 'change-version': 'node grunt/change-version.js',
53 silly install resolved        'clean-css': 'cleancss --skip-advanced --source-map --output dist/css/bootstrap.min.css dist/css/bootstrap.css && cleancss --skip-advanced --source-map --output dist/css/bootstrap-grid.min.css dist/css/bootstrap-grid.css && cleancss --skip-advanced --source-map --output dist/css/bootstrap-reboot.min.css dist/css/bootstrap-reboot.css',
53 silly install resolved        'clean-css-docs': 'cleancss --skip-advanced --source-map --output docs/assets/css/docs.min.css docs/assets/css/docs.min.css',
53 silly install resolved        eslint: 'eslint --ignore-path .eslintignore js && eslint --config js/tests/.eslintrc.json --env node grunt Gruntfile.js && eslint --config js/tests/.eslintrc.json docs/assets/js/src docs/assets/js/ie-emulation-modes-warning.js docs/assets/js/ie10-viewport-bug-workaround.js',
53 silly install resolved        htmlhint: 'htmlhint --config docs/.htmlhintrc _gh_pages/',
53 silly install resolved        postcss: 'postcss --config grunt/postcss.js --replace dist/css/*.css',
53 silly install resolved        'postcss-docs': 'postcss --config grunt/postcss.js --no-map --replace docs/assets/css/docs.min.css && postcss --config grunt/postcss.js --no-map --replace docs/examples/**/*.css',
53 silly install resolved        sass: 'node-sass --output-style expanded --source-map true --precision 6 scss/bootstrap.scss dist/css/bootstrap.css && node-sass --output-style expanded --source-map true --precision 6 scss/bootstrap-grid.scss dist/css/bootstrap-grid.css && node-sass --output-style expanded --source-map true --precision 6 scss/bootstrap-reboot.scss dist/css/bootstrap-reboot.css',
53 silly install resolved        'sass-docs': 'node-sass --output-style expanded --source-map true --precision 6 docs/assets/scss/docs.scss docs/assets/css/docs.min.css',
53 silly install resolved        'scss-lint': 'bundle exec scss-lint --config scss/.scss-lint.yml --exclude scss/_normalize.scss scss/*.scss',
53 silly install resolved        'scss-lint-docs': 'bundle exec scss-lint --config scss/.scss-lint.yml --exclude docs/assets/scss/docs.scss docs/assets/scss/*.scss',
53 silly install resolved        uglify: 'uglifyjs --compress warnings=false --mangle --comments \'/^!/\' --output dist/js/bootstrap.min.js dist/js/bootstrap.js',
53 silly install resolved        'uglify-docs': 'uglifyjs --compress warnings=false --mangle --comments \'/^!/\' --output docs/assets/js/docs.min.js docs/assets/js/vendor/*.js docs/assets/js/src/application.js',
53 silly install resolved        'update-shrinkwrap': 'npm shrinkwrap --dev && shx mv ./npm-shrinkwrap.json ./grunt/npm-shrinkwrap.json',
53 silly install resolved        test: 'npm run eslint && grunt test' },
53 silly install resolved     style: 'dist/css/bootstrap.css',
53 silly install resolved     sass: 'scss/bootstrap.scss',
53 silly install resolved     main: 'dist/js/bootstrap',
53 silly install resolved     repository:
53 silly install resolved      { type: 'git',
53 silly install resolved        url: 'git+https://github.com/twbs/bootstrap.git' },
53 silly install resolved     bugs: { url: 'https://github.com/twbs/bootstrap/issues' },
53 silly install resolved     license: 'MIT',
53 silly install resolved     dependencies: { jquery: '>=1.9.1', tether: '^1.4.0' },
53 silly install resolved     devDependencies:
53 silly install resolved      { autoprefixer: '^6.6.1',
53 silly install resolved        'babel-eslint': '^7.1.1',
53 silly install resolved        'babel-plugin-transform-es2015-modules-strip': '^0.1.0',
53 silly install resolved        'babel-preset-es2015': '^6.18.0',
53 silly install resolved        'clean-css': '^3.4.23',
53 silly install resolved        eslint: '^3.12.2',
53 silly install resolved        grunt: '^1.0.1',
53 silly install resolved        'grunt-babel': '^6.0.0',
53 silly install resolved        'grunt-build-control': '^0.7.1',
53 silly install resolved        'grunt-contrib-clean': '^1.0.0',
53 silly install resolved        'grunt-contrib-compress': '^1.3.0',
53 silly install resolved        'grunt-contrib-concat': '^1.0.1',
53 silly install resolved        'grunt-contrib-connect': '^1.0.2',
53 silly install resolved        'grunt-contrib-copy': '^1.0.0',
53 silly install resolved        'grunt-contrib-qunit': '^1.2.0',
53 silly install resolved        'grunt-contrib-watch': '^1.0.0',
53 silly install resolved        'grunt-exec': '^1.0.1',
53 silly install resolved        'grunt-html': '^8.1.0',
53 silly install resolved        'grunt-jekyll': '^0.4.4',
53 silly install resolved        'grunt-saucelabs': '^9.0.0',
53 silly install resolved        'grunt-stamp': '^0.3.0',
53 silly install resolved        htmlhint: '^0.9.13',
53 silly install resolved        'is-travis': '^1.0.0',
53 silly install resolved        'load-grunt-tasks': '^3.5.2',
53 silly install resolved        'node-sass': '^4.1.1',
53 silly install resolved        'postcss-cli': '^2.6.0',
53 silly install resolved        'postcss-flexbugs-fixes': '^2.1.0',
53 silly install resolved        shelljs: '^0.7.5',
53 silly install resolved        shx: '^0.2.1',
53 silly install resolved        'time-grunt': '^1.4.0',
53 silly install resolved        'uglify-js': '^2.7.5' },
53 silly install resolved     engines: { node: '>=4' },
53 silly install resolved     files:
53 silly install resolved      [ 'dist',
53 silly install resolved        'grunt',
53 silly install resolved        'js/**/*.js',
53 silly install resolved        'scss/**/*.scss',
53 silly install resolved        'Gruntfile.js',
53 silly install resolved        'LICENSE' ],
53 silly install resolved     jspm:
53 silly install resolved      { main: 'js/bootstrap',
53 silly install resolved        directories: [Object],
53 silly install resolved        shim: [Object],
53 silly install resolved        dependencies: [Object] },
53 silly install resolved     gitHead: '65ffb1c3b6e94440812a2e228cb8e8be512652ec',
53 silly install resolved     _id: 'bootstrap@4.0.0-alpha.6',
53 silly install resolved     _shasum: '4f54dd33ac0deac3b28407bc2df7ec608869c9c8',
53 silly install resolved     _from: 'bootstrap@4.0.0-alpha.6',
53 silly install resolved     _npmVersion: '3.8.3',
53 silly install resolved     _nodeVersion: '5.10.0',
53 silly install resolved     _npmUser: { name: 'twbs', email: 'getbootstrap@gmail.com' },
53 silly install resolved     dist:
53 silly install resolved      { shasum: '4f54dd33ac0deac3b28407bc2df7ec608869c9c8',
53 silly install resolved        tarball: 'https://registry.npmjs.org/bootstrap/-/bootstrap-4.0.0-alpha.6.tgz' },
53 silly install resolved     maintainers: [ [Object] ],
53 silly install resolved     _npmOperationalInternal:
53 silly install resolved      { host: 'packages-12-west.internal.npmjs.com',
53 silly install resolved        tmp: 'tmp/bootstrap-4.0.0-alpha.6.tgz_1483723623729_0.6719418407883495' },
53 silly install resolved     directories: {},
53 silly install resolved     _resolved: 'https://registry.npmjs.org/bootstrap/-/bootstrap-4.0.0-alpha.6.tgz' } ]
54 info install bootstrap@4.0.0-alpha.6 into /Users/saramcwhorter/ssh/sarahill-portfolio
55 info installOne bootstrap@4.0.0-alpha.6
56 verbose installOne of bootstrap to /Users/saramcwhorter/ssh/sarahill-portfolio not in flight; installing
57 warn locking Error: EACCES, open '/Users/saramcwhorter/.npm/_locks/bootstrap-75d3d25899f6edf6.lock'
57 warn locking  /Users/saramcwhorter/.npm/_locks/bootstrap-75d3d25899f6edf6.lock failed { [Error: EACCES, open '/Users/saramcwhorter/.npm/_locks/bootstrap-75d3d25899f6edf6.lock']
57 warn locking   errno: 3,
57 warn locking   code: 'EACCES',
57 warn locking   path: '/Users/saramcwhorter/.npm/_locks/bootstrap-75d3d25899f6edf6.lock' }
58 verbose stack Error: Attempt to unlock /Users/saramcwhorter/ssh/sarahill-portfolio/node_modules/bootstrap, which hasn't been locked
58 verbose stack     at unlock (/usr/local/lib/node_modules/npm/lib/utils/locker.js:66:11)
58 verbose stack     at cb (/usr/local/lib/node_modules/npm/lib/install.js:1017:5)
58 verbose stack     at /usr/local/lib/node_modules/npm/lib/install.js:1021:20
58 verbose stack     at /usr/local/lib/node_modules/npm/lib/utils/locker.js:40:9
58 verbose stack     at cb (/usr/local/lib/node_modules/npm/node_modules/lockfile/lockfile.js:149:38)
58 verbose stack     at /usr/local/lib/node_modules/npm/node_modules/lockfile/lockfile.js:177:38
58 verbose stack     at Object.oncomplete (fs.js:107:15)
59 verbose cwd /Users/saramcwhorter/ssh/sarahill-portfolio/rs-marketing-site/assets
60 error Darwin 15.6.0
61 error argv "node" "/usr/local/bin/npm" "install" "bootstrap@4.0.0-alpha.6"
62 error node v0.10.31
63 error npm  v2.10.1
64 error Attempt to unlock /Users/saramcwhorter/ssh/sarahill-portfolio/node_modules/bootstrap, which hasn't been locked
65 error If you need help, you may report this error at:
65 error     <https://github.com/npm/npm/issues>
66 verbose exit [ 1, true ]
